{"contracts/FindOrderbook.sol":{"l":{"20":3,"32":4,"33":3,"34":3,"35":3,"37":3,"38":1,"39":1,"40":1,"41":1,"42":1,"43":1,"44":1,"46":1,"47":2,"48":2,"59":2,"60":2,"61":2,"62":2,"63":2,"64":2,"65":2,"67":2,"68":1,"69":1,"70":1,"93":5,"94":4,"95":4,"96":4,"98":4,"99":1,"100":1,"101":1,"102":1,"103":1,"104":1,"106":1,"107":3,"108":3,"119":3,"120":3,"121":3,"122":3,"123":3,"124":3,"126":3,"127":2,"128":5,"129":5},"path":"/Users/thegreathb/workspace/obex/contracts/FindOrderbook.sol","s":{"1":3,"2":4,"3":3,"4":3,"5":3,"6":3,"7":1,"8":1,"9":1,"10":1,"11":1,"12":1,"13":1,"14":1,"15":2,"16":2,"17":2,"18":2,"19":2,"20":2,"21":2,"22":2,"23":2,"24":2,"25":1,"26":1,"27":1,"28":5,"29":4,"30":4,"31":4,"32":4,"33":1,"34":1,"35":1,"36":1,"37":1,"38":1,"39":1,"40":3,"41":3,"42":3,"43":3,"44":3,"45":3,"46":3,"47":3,"48":3,"49":2,"50":5,"51":5},"b":{"1":[3,1],"2":[1,2],"3":[1,1],"4":[4,1],"5":[1,3],"6":[2,1]},"f":{"1":3,"2":4,"3":5},"fnMap":{"1":{"name":"constructor","line":19,"loc":{"start":{"line":19,"column":4},"end":{"line":21,"column":4}}},"2":{"name":"myOrder","line":23,"loc":{"start":{"line":23,"column":4},"end":{"line":82,"column":4}}},"3":{"name":"orderBook","line":85,"loc":{"start":{"line":85,"column":4},"end":{"line":141,"column":4}}}},"statementMap":{"1":{"start":{"line":20,"column":8},"end":{"line":20,"column":27}},"2":{"start":{"line":32,"column":8},"end":{"line":32,"column":26}},"3":{"start":{"line":33,"column":8},"end":{"line":33,"column":56}},"4":{"start":{"line":34,"column":8},"end":{"line":34,"column":39}},"5":{"start":{"line":35,"column":8},"end":{"line":35,"column":41}},"6":{"start":{"line":37,"column":8},"end":{"line":37,"column":959}},"7":{"start":{"line":38,"column":12},"end":{"line":38,"column":43}},"8":{"start":{"line":39,"column":12},"end":{"line":39,"column":49}},"9":{"start":{"line":40,"column":12},"end":{"line":40,"column":49}},"10":{"start":{"line":41,"column":12},"end":{"line":41,"column":50}},"11":{"start":{"line":42,"column":12},"end":{"line":42,"column":47}},"12":{"start":{"line":43,"column":12},"end":{"line":43,"column":45}},"13":{"start":{"line":44,"column":12},"end":{"line":44,"column":37}},"14":{"start":{"line":46,"column":12},"end":{"line":46,"column":1434}},"15":{"start":{"line":47,"column":16},"end":{"line":47,"column":61}},"16":{"start":{"line":48,"column":16},"end":{"line":48,"column":1664}},"17":{"start":{"line":59,"column":12},"end":{"line":59,"column":44}},"18":{"start":{"line":60,"column":12},"end":{"line":60,"column":50}},"19":{"start":{"line":61,"column":12},"end":{"line":61,"column":50}},"20":{"start":{"line":62,"column":12},"end":{"line":62,"column":51}},"21":{"start":{"line":63,"column":12},"end":{"line":63,"column":48}},"22":{"start":{"line":64,"column":12},"end":{"line":64,"column":46}},"23":{"start":{"line":65,"column":12},"end":{"line":65,"column":38}},"24":{"start":{"line":67,"column":12},"end":{"line":67,"column":2423}},"25":{"start":{"line":68,"column":16},"end":{"line":68,"column":2473}},"26":{"start":{"line":69,"column":20},"end":{"line":69,"column":84}},"27":{"start":{"line":70,"column":20},"end":{"line":70,"column":2681}},"28":{"start":{"line":93,"column":8},"end":{"line":93,"column":26}},"29":{"start":{"line":94,"column":8},"end":{"line":94,"column":63}},"30":{"start":{"line":95,"column":8},"end":{"line":95,"column":39}},"31":{"start":{"line":96,"column":8},"end":{"line":96,"column":41}},"32":{"start":{"line":98,"column":8},"end":{"line":98,"column":3562}},"33":{"start":{"line":99,"column":12},"end":{"line":99,"column":43}},"34":{"start":{"line":100,"column":12},"end":{"line":100,"column":40}},"35":{"start":{"line":101,"column":12},"end":{"line":101,"column":50}},"36":{"start":{"line":102,"column":12},"end":{"line":102,"column":47}},"37":{"start":{"line":103,"column":12},"end":{"line":103,"column":45}},"38":{"start":{"line":104,"column":12},"end":{"line":104,"column":37}},"39":{"start":{"line":106,"column":12},"end":{"line":106,"column":3976}},"40":{"start":{"line":107,"column":16},"end":{"line":107,"column":68}},"41":{"start":{"line":108,"column":16},"end":{"line":108,"column":4213}},"42":{"start":{"line":119,"column":12},"end":{"line":119,"column":44}},"43":{"start":{"line":120,"column":12},"end":{"line":120,"column":41}},"44":{"start":{"line":121,"column":12},"end":{"line":121,"column":51}},"45":{"start":{"line":122,"column":12},"end":{"line":122,"column":48}},"46":{"start":{"line":123,"column":12},"end":{"line":123,"column":46}},"47":{"start":{"line":124,"column":12},"end":{"line":124,"column":38}},"48":{"start":{"line":126,"column":12},"end":{"line":126,"column":4876}},"49":{"start":{"line":127,"column":16},"end":{"line":127,"column":4926}},"50":{"start":{"line":128,"column":20},"end":{"line":128,"column":91}},"51":{"start":{"line":129,"column":20},"end":{"line":129,"column":5144}}},"branchMap":{"1":{"line":32,"type":"if","locations":[{"start":{"line":32,"column":8},"end":{"line":32,"column":8}},{"start":{"line":32,"column":8},"end":{"line":32,"column":8}}]},"2":{"line":37,"type":"if","locations":[{"start":{"line":37,"column":8},"end":{"line":37,"column":8}},{"start":{"line":37,"column":8},"end":{"line":37,"column":8}}]},"3":{"line":67,"type":"if","locations":[{"start":{"line":67,"column":12},"end":{"line":67,"column":12}},{"start":{"line":67,"column":12},"end":{"line":67,"column":12}}]},"4":{"line":93,"type":"if","locations":[{"start":{"line":93,"column":8},"end":{"line":93,"column":8}},{"start":{"line":93,"column":8},"end":{"line":93,"column":8}}]},"5":{"line":98,"type":"if","locations":[{"start":{"line":98,"column":8},"end":{"line":98,"column":8}},{"start":{"line":98,"column":8},"end":{"line":98,"column":8}}]},"6":{"line":126,"type":"if","locations":[{"start":{"line":126,"column":12},"end":{"line":126,"column":12}},{"start":{"line":126,"column":12},"end":{"line":126,"column":12}}]}}},"contracts/OBEX.sol":{"l":{"54":22,"55":21,"56":21,"61":3,"65":8,"69":7,"73":8,"79":16,"80":15,"81":14,"85":11,"86":10,"87":9,"88":9,"92":23,"93":23,"94":23,"95":23,"96":23,"100":23,"106":25,"107":25,"108":25,"109":25,"110":25,"111":25,"112":25,"113":25,"115":25,"116":23,"117":19,"119":17,"120":17,"122":17,"123":5,"124":5,"127":17,"128":10,"129":9,"130":8,"132":7,"133":7,"134":7,"135":7,"137":7,"138":7,"139":7,"141":7,"142":6,"143":5,"145":4,"146":4,"147":4,"149":4,"150":4,"151":4,"154":11,"160":8,"161":8,"162":8,"163":8,"164":8,"165":8,"167":8,"168":6,"170":4,"172":4,"173":2,"175":2,"177":4,"182":1,"186":2,"187":1,"191":5,"192":4,"193":2,"194":1,"195":1,"197":1,"198":1,"199":1,"202":2,"203":1,"204":1,"206":1,"207":1,"208":1},"path":"/Users/thegreathb/workspace/obex/contracts/OBEX.sol","s":{"1":22,"2":21,"3":21,"4":3,"5":8,"6":7,"7":8,"8":16,"9":15,"10":14,"11":11,"12":10,"13":9,"14":9,"15":23,"16":23,"17":23,"18":23,"19":23,"20":23,"21":25,"22":25,"23":25,"24":25,"25":25,"26":25,"27":25,"28":25,"29":25,"30":23,"31":19,"32":17,"33":17,"34":17,"35":5,"36":5,"37":17,"38":10,"39":9,"40":8,"41":7,"42":7,"43":7,"44":7,"45":7,"46":7,"47":7,"48":7,"49":6,"50":5,"51":4,"52":4,"53":4,"54":4,"55":4,"56":4,"57":11,"58":8,"59":8,"60":8,"61":8,"62":8,"63":8,"64":8,"65":6,"66":4,"67":4,"68":2,"69":2,"70":4,"71":1,"72":2,"73":1,"74":5,"75":4,"76":2,"77":1,"78":1,"79":1,"80":1,"81":1,"82":2,"83":1,"84":1,"85":1,"86":1,"87":1},"b":{"1":[21,1],"2":[15,1],"3":[14,1],"4":[10,1],"5":[9,1],"6":[23,2],"7":[19,4],"8":[17,2],"9":[5,12],"10":[10,7],"11":[9,1],"12":[8,1],"13":[7,1],"14":[6,1],"15":[5,1],"16":[4,1],"17":[6,2],"18":[4,2],"19":[2,2],"20":[1,1],"21":[4,1],"22":[2,2],"23":[1,1],"24":[1,1]},"f":{"1":22,"2":3,"3":8,"4":7,"5":8,"6":16,"7":11,"8":23,"9":23,"10":25,"11":8,"12":1,"13":2,"14":5},"fnMap":{"1":{"name":"constructor","line":53,"loc":{"start":{"line":53,"column":4},"end":{"line":57,"column":4}}},"2":{"name":"_ordersByMaker","line":60,"loc":{"start":{"line":60,"column":4},"end":{"line":62,"column":4}}},"3":{"name":"_ordersByTokens","line":64,"loc":{"start":{"line":64,"column":4},"end":{"line":66,"column":4}}},"4":{"name":"makerOrderLength","line":68,"loc":{"start":{"line":68,"column":4},"end":{"line":70,"column":4}}},"5":{"name":"tokensOrderLength","line":72,"loc":{"start":{"line":72,"column":4},"end":{"line":74,"column":4}}},"6":{"name":"makeOrderFromETHToTokens","line":78,"loc":{"start":{"line":78,"column":4},"end":{"line":82,"column":4}}},"7":{"name":"makeOrderFromTokensToETH","line":84,"loc":{"start":{"line":84,"column":4},"end":{"line":89,"column":4}}},"8":{"name":"_makeOrder","line":91,"loc":{"start":{"line":91,"column":4},"end":{"line":97,"column":4}}},"9":{"name":"_hash","line":99,"loc":{"start":{"line":99,"column":1},"end":{"line":101,"column":1}}},"10":{"name":"takeOrder","line":105,"loc":{"start":{"line":105,"column":4},"end":{"line":155,"column":4}}},"11":{"name":"cancel","line":159,"loc":{"start":{"line":159,"column":4},"end":{"line":178,"column":4}}},"12":{"name":"setFeeAddress","line":181,"loc":{"start":{"line":181,"column":4},"end":{"line":183,"column":4}}},"13":{"name":"updateFeePercent","line":185,"loc":{"start":{"line":185,"column":4},"end":{"line":188,"column":4}}},"14":{"name":"withdrawFee","line":190,"loc":{"start":{"line":190,"column":4},"end":{"line":211,"column":4}}}},"statementMap":{"1":{"start":{"line":54,"column":8},"end":{"line":54,"column":69}},"2":{"start":{"line":55,"column":8},"end":{"line":55,"column":30}},"3":{"start":{"line":56,"column":8},"end":{"line":56,"column":31}},"4":{"start":{"line":61,"column":8},"end":{"line":61,"column":36}},"5":{"start":{"line":65,"column":8},"end":{"line":65,"column":47}},"6":{"start":{"line":69,"column":8},"end":{"line":69,"column":43}},"7":{"start":{"line":73,"column":8},"end":{"line":73,"column":70}},"8":{"start":{"line":79,"column":8},"end":{"line":79,"column":60}},"9":{"start":{"line":80,"column":8},"end":{"line":80,"column":42}},"10":{"start":{"line":81,"column":8},"end":{"line":81,"column":72}},"11":{"start":{"line":85,"column":8},"end":{"line":85,"column":60}},"12":{"start":{"line":86,"column":8},"end":{"line":86,"column":52}},"13":{"start":{"line":87,"column":8},"end":{"line":87,"column":76}},"14":{"start":{"line":88,"column":8},"end":{"line":88,"column":88}},"15":{"start":{"line":92,"column":8},"end":{"line":92,"column":74}},"16":{"start":{"line":93,"column":8},"end":{"line":93,"column":116}},"17":{"start":{"line":94,"column":8},"end":{"line":94,"column":43}},"18":{"start":{"line":95,"column":8},"end":{"line":95,"column":66}},"19":{"start":{"line":96,"column":8},"end":{"line":96,"column":102}},"20":{"start":{"line":100,"column":8},"end":{"line":100,"column":86}},"21":{"start":{"line":106,"column":8},"end":{"line":106,"column":42}},"22":{"start":{"line":107,"column":8},"end":{"line":107,"column":31}},"23":{"start":{"line":108,"column":8},"end":{"line":108,"column":41}},"24":{"start":{"line":109,"column":8},"end":{"line":109,"column":41}},"25":{"start":{"line":110,"column":8},"end":{"line":110,"column":43}},"26":{"start":{"line":111,"column":8},"end":{"line":111,"column":40}},"27":{"start":{"line":112,"column":8},"end":{"line":112,"column":35}},"28":{"start":{"line":113,"column":8},"end":{"line":113,"column":28}},"29":{"start":{"line":115,"column":8},"end":{"line":115,"column":49}},"30":{"start":{"line":116,"column":8},"end":{"line":116,"column":43}},"31":{"start":{"line":117,"column":8},"end":{"line":117,"column":75}},"32":{"start":{"line":119,"column":8},"end":{"line":119,"column":56}},"33":{"start":{"line":120,"column":8},"end":{"line":120,"column":32}},"34":{"start":{"line":122,"column":8},"end":{"line":122,"column":4528}},"35":{"start":{"line":123,"column":12},"end":{"line":123,"column":23}},"36":{"start":{"line":124,"column":12},"end":{"line":124,"column":25}},"37":{"start":{"line":127,"column":8},"end":{"line":127,"column":4631}},"38":{"start":{"line":128,"column":12},"end":{"line":128,"column":59}},"39":{"start":{"line":129,"column":12},"end":{"line":129,"column":68}},"40":{"start":{"line":130,"column":12},"end":{"line":130,"column":103}},"41":{"start":{"line":132,"column":12},"end":{"line":132,"column":74}},"42":{"start":{"line":133,"column":12},"end":{"line":133,"column":47}},"43":{"start":{"line":134,"column":12},"end":{"line":134,"column":88}},"44":{"start":{"line":135,"column":12},"end":{"line":135,"column":76}},"45":{"start":{"line":137,"column":12},"end":{"line":137,"column":71}},"46":{"start":{"line":138,"column":12},"end":{"line":138,"column":35}},"47":{"start":{"line":139,"column":12},"end":{"line":139,"column":71}},"48":{"start":{"line":141,"column":12},"end":{"line":141,"column":74}},"49":{"start":{"line":142,"column":12},"end":{"line":142,"column":53}},"50":{"start":{"line":143,"column":12},"end":{"line":143,"column":91}},"51":{"start":{"line":145,"column":12},"end":{"line":145,"column":60}},"52":{"start":{"line":146,"column":12},"end":{"line":146,"column":35}},"53":{"start":{"line":147,"column":12},"end":{"line":147,"column":55}},"54":{"start":{"line":149,"column":12},"end":{"line":149,"column":73}},"55":{"start":{"line":150,"column":12},"end":{"line":150,"column":47}},"56":{"start":{"line":151,"column":12},"end":{"line":151,"column":80}},"57":{"start":{"line":154,"column":8},"end":{"line":154,"column":105}},"58":{"start":{"line":160,"column":8},"end":{"line":160,"column":42}},"59":{"start":{"line":161,"column":8},"end":{"line":161,"column":31}},"60":{"start":{"line":162,"column":8},"end":{"line":162,"column":41}},"61":{"start":{"line":163,"column":8},"end":{"line":163,"column":43}},"62":{"start":{"line":164,"column":8},"end":{"line":164,"column":35}},"63":{"start":{"line":165,"column":8},"end":{"line":165,"column":28}},"64":{"start":{"line":167,"column":8},"end":{"line":167,"column":52}},"65":{"start":{"line":168,"column":8},"end":{"line":168,"column":34}},"66":{"start":{"line":170,"column":8},"end":{"line":170,"column":21}},"67":{"start":{"line":172,"column":8},"end":{"line":172,"column":6552}},"68":{"start":{"line":173,"column":12},"end":{"line":173,"column":55}},"69":{"start":{"line":175,"column":12},"end":{"line":175,"column":62}},"70":{"start":{"line":177,"column":8},"end":{"line":177,"column":29}},"71":{"start":{"line":182,"column":8},"end":{"line":182,"column":31}},"72":{"start":{"line":186,"column":8},"end":{"line":186,"column":66}},"73":{"start":{"line":187,"column":8},"end":{"line":187,"column":28}},"74":{"start":{"line":191,"column":8},"end":{"line":191,"column":57}},"75":{"start":{"line":192,"column":8},"end":{"line":192,"column":7203}},"76":{"start":{"line":193,"column":12},"end":{"line":193,"column":7247}},"77":{"start":{"line":194,"column":16},"end":{"line":194,"column":38}},"78":{"start":{"line":195,"column":16},"end":{"line":195,"column":51}},"79":{"start":{"line":197,"column":16},"end":{"line":197,"column":43}},"80":{"start":{"line":198,"column":16},"end":{"line":198,"column":32}},"81":{"start":{"line":199,"column":16},"end":{"line":199,"column":48}},"82":{"start":{"line":202,"column":12},"end":{"line":202,"column":7568}},"83":{"start":{"line":203,"column":16},"end":{"line":203,"column":48}},"84":{"start":{"line":204,"column":16},"end":{"line":204,"column":58}},"85":{"start":{"line":206,"column":16},"end":{"line":206,"column":53}},"86":{"start":{"line":207,"column":16},"end":{"line":207,"column":42}},"87":{"start":{"line":208,"column":16},"end":{"line":208,"column":55}}},"branchMap":{"1":{"line":54,"type":"if","locations":[{"start":{"line":54,"column":8},"end":{"line":54,"column":8}},{"start":{"line":54,"column":8},"end":{"line":54,"column":8}}]},"2":{"line":79,"type":"if","locations":[{"start":{"line":79,"column":8},"end":{"line":79,"column":8}},{"start":{"line":79,"column":8},"end":{"line":79,"column":8}}]},"3":{"line":80,"type":"if","locations":[{"start":{"line":80,"column":8},"end":{"line":80,"column":8}},{"start":{"line":80,"column":8},"end":{"line":80,"column":8}}]},"4":{"line":85,"type":"if","locations":[{"start":{"line":85,"column":8},"end":{"line":85,"column":8}},{"start":{"line":85,"column":8},"end":{"line":85,"column":8}}]},"5":{"line":86,"type":"if","locations":[{"start":{"line":86,"column":8},"end":{"line":86,"column":8}},{"start":{"line":86,"column":8},"end":{"line":86,"column":8}}]},"6":{"line":115,"type":"if","locations":[{"start":{"line":115,"column":8},"end":{"line":115,"column":8}},{"start":{"line":115,"column":8},"end":{"line":115,"column":8}}]},"7":{"line":116,"type":"if","locations":[{"start":{"line":116,"column":8},"end":{"line":116,"column":8}},{"start":{"line":116,"column":8},"end":{"line":116,"column":8}}]},"8":{"line":117,"type":"if","locations":[{"start":{"line":117,"column":8},"end":{"line":117,"column":8}},{"start":{"line":117,"column":8},"end":{"line":117,"column":8}}]},"9":{"line":122,"type":"if","locations":[{"start":{"line":122,"column":8},"end":{"line":122,"column":8}},{"start":{"line":122,"column":8},"end":{"line":122,"column":8}}]},"10":{"line":127,"type":"if","locations":[{"start":{"line":127,"column":8},"end":{"line":127,"column":8}},{"start":{"line":127,"column":8},"end":{"line":127,"column":8}}]},"11":{"line":128,"type":"if","locations":[{"start":{"line":128,"column":12},"end":{"line":128,"column":12}},{"start":{"line":128,"column":12},"end":{"line":128,"column":12}}]},"12":{"line":129,"type":"if","locations":[{"start":{"line":129,"column":12},"end":{"line":129,"column":12}},{"start":{"line":129,"column":12},"end":{"line":129,"column":12}}]},"13":{"line":130,"type":"if","locations":[{"start":{"line":130,"column":12},"end":{"line":130,"column":12}},{"start":{"line":130,"column":12},"end":{"line":130,"column":12}}]},"14":{"line":141,"type":"if","locations":[{"start":{"line":141,"column":12},"end":{"line":141,"column":12}},{"start":{"line":141,"column":12},"end":{"line":141,"column":12}}]},"15":{"line":142,"type":"if","locations":[{"start":{"line":142,"column":12},"end":{"line":142,"column":12}},{"start":{"line":142,"column":12},"end":{"line":142,"column":12}}]},"16":{"line":143,"type":"if","locations":[{"start":{"line":143,"column":12},"end":{"line":143,"column":12}},{"start":{"line":143,"column":12},"end":{"line":143,"column":12}}]},"17":{"line":167,"type":"if","locations":[{"start":{"line":167,"column":8},"end":{"line":167,"column":8}},{"start":{"line":167,"column":8},"end":{"line":167,"column":8}}]},"18":{"line":168,"type":"if","locations":[{"start":{"line":168,"column":8},"end":{"line":168,"column":8}},{"start":{"line":168,"column":8},"end":{"line":168,"column":8}}]},"19":{"line":172,"type":"if","locations":[{"start":{"line":172,"column":8},"end":{"line":172,"column":8}},{"start":{"line":172,"column":8},"end":{"line":172,"column":8}}]},"20":{"line":186,"type":"if","locations":[{"start":{"line":186,"column":8},"end":{"line":186,"column":8}},{"start":{"line":186,"column":8},"end":{"line":186,"column":8}}]},"21":{"line":191,"type":"if","locations":[{"start":{"line":191,"column":8},"end":{"line":191,"column":8}},{"start":{"line":191,"column":8},"end":{"line":191,"column":8}}]},"22":{"line":192,"type":"if","locations":[{"start":{"line":192,"column":8},"end":{"line":192,"column":8}},{"start":{"line":192,"column":8},"end":{"line":192,"column":8}}]},"23":{"line":193,"type":"if","locations":[{"start":{"line":193,"column":12},"end":{"line":193,"column":12}},{"start":{"line":193,"column":12},"end":{"line":193,"column":12}}]},"24":{"line":202,"type":"if","locations":[{"start":{"line":202,"column":12},"end":{"line":202,"column":12}},{"start":{"line":202,"column":12},"end":{"line":202,"column":12}}]}}},"contracts/test/Token.sol":{"l":{"8":24},"path":"/Users/thegreathb/workspace/obex/contracts/test/Token.sol","s":{"1":24},"b":{},"f":{"1":24},"fnMap":{"1":{"name":"mint","line":7,"loc":{"start":{"line":7,"column":4},"end":{"line":9,"column":4}}}},"statementMap":{"1":{"start":{"line":8,"column":8},"end":{"line":8,"column":26}}},"branchMap":{}}}