{"contracts\\FindOrderbook.sol":{"l":{"20":3,"32":4,"33":3,"34":3,"35":3,"37":3,"38":1,"39":1,"40":1,"41":1,"42":1,"43":1,"44":1,"46":1,"47":2,"48":2,"59":2,"60":2,"61":2,"62":2,"63":2,"64":2,"65":2,"67":2,"68":1,"69":1,"70":1,"93":5,"94":4,"95":4,"96":4,"98":4,"99":1,"100":1,"101":1,"102":1,"103":1,"104":1,"106":1,"107":3,"108":3,"119":3,"120":3,"121":3,"122":3,"123":3,"124":3,"126":3,"127":2,"128":5,"129":5},"path":"C:\\Users\\kavan\\Documents\\GitHub\\obex\\contracts\\FindOrderbook.sol","s":{"1":3,"2":4,"3":3,"4":3,"5":3,"6":3,"7":1,"8":1,"9":1,"10":1,"11":1,"12":1,"13":1,"14":1,"15":2,"16":2,"17":2,"18":2,"19":2,"20":2,"21":2,"22":2,"23":2,"24":2,"25":1,"26":1,"27":1,"28":5,"29":4,"30":4,"31":4,"32":4,"33":1,"34":1,"35":1,"36":1,"37":1,"38":1,"39":1,"40":3,"41":3,"42":3,"43":3,"44":3,"45":3,"46":3,"47":3,"48":3,"49":2,"50":5,"51":5},"b":{"1":[3,1],"2":[1,2],"3":[1,1],"4":[4,1],"5":[1,3],"6":[2,1]},"f":{"1":3,"2":4,"3":5},"fnMap":{"1":{"name":"constructor","line":19,"loc":{"start":{"line":19,"column":4},"end":{"line":21,"column":4}}},"2":{"name":"myOrder","line":23,"loc":{"start":{"line":23,"column":4},"end":{"line":82,"column":4}}},"3":{"name":"orderBook","line":85,"loc":{"start":{"line":85,"column":4},"end":{"line":141,"column":4}}}},"statementMap":{"1":{"start":{"line":20,"column":8},"end":{"line":20,"column":27}},"2":{"start":{"line":32,"column":8},"end":{"line":32,"column":26}},"3":{"start":{"line":33,"column":8},"end":{"line":33,"column":56}},"4":{"start":{"line":34,"column":8},"end":{"line":34,"column":39}},"5":{"start":{"line":35,"column":8},"end":{"line":35,"column":41}},"6":{"start":{"line":37,"column":8},"end":{"line":37,"column":995}},"7":{"start":{"line":38,"column":12},"end":{"line":38,"column":43}},"8":{"start":{"line":39,"column":12},"end":{"line":39,"column":49}},"9":{"start":{"line":40,"column":12},"end":{"line":40,"column":49}},"10":{"start":{"line":41,"column":12},"end":{"line":41,"column":50}},"11":{"start":{"line":42,"column":12},"end":{"line":42,"column":47}},"12":{"start":{"line":43,"column":12},"end":{"line":43,"column":45}},"13":{"start":{"line":44,"column":12},"end":{"line":44,"column":37}},"14":{"start":{"line":46,"column":12},"end":{"line":46,"column":1479}},"15":{"start":{"line":47,"column":16},"end":{"line":47,"column":61}},"16":{"start":{"line":48,"column":16},"end":{"line":48,"column":1711}},"17":{"start":{"line":59,"column":12},"end":{"line":59,"column":44}},"18":{"start":{"line":60,"column":12},"end":{"line":60,"column":50}},"19":{"start":{"line":61,"column":12},"end":{"line":61,"column":50}},"20":{"start":{"line":62,"column":12},"end":{"line":62,"column":51}},"21":{"start":{"line":63,"column":12},"end":{"line":63,"column":48}},"22":{"start":{"line":64,"column":12},"end":{"line":64,"column":46}},"23":{"start":{"line":65,"column":12},"end":{"line":65,"column":38}},"24":{"start":{"line":67,"column":12},"end":{"line":67,"column":2489}},"25":{"start":{"line":68,"column":16},"end":{"line":68,"column":2540}},"26":{"start":{"line":69,"column":20},"end":{"line":69,"column":84}},"27":{"start":{"line":70,"column":20},"end":{"line":70,"column":2750}},"28":{"start":{"line":93,"column":8},"end":{"line":93,"column":26}},"29":{"start":{"line":94,"column":8},"end":{"line":94,"column":63}},"30":{"start":{"line":95,"column":8},"end":{"line":95,"column":39}},"31":{"start":{"line":96,"column":8},"end":{"line":96,"column":41}},"32":{"start":{"line":98,"column":8},"end":{"line":98,"column":3659}},"33":{"start":{"line":99,"column":12},"end":{"line":99,"column":43}},"34":{"start":{"line":100,"column":12},"end":{"line":100,"column":40}},"35":{"start":{"line":101,"column":12},"end":{"line":101,"column":50}},"36":{"start":{"line":102,"column":12},"end":{"line":102,"column":47}},"37":{"start":{"line":103,"column":12},"end":{"line":103,"column":45}},"38":{"start":{"line":104,"column":12},"end":{"line":104,"column":37}},"39":{"start":{"line":106,"column":12},"end":{"line":106,"column":4081}},"40":{"start":{"line":107,"column":16},"end":{"line":107,"column":68}},"41":{"start":{"line":108,"column":16},"end":{"line":108,"column":4320}},"42":{"start":{"line":119,"column":12},"end":{"line":119,"column":44}},"43":{"start":{"line":120,"column":12},"end":{"line":120,"column":41}},"44":{"start":{"line":121,"column":12},"end":{"line":121,"column":51}},"45":{"start":{"line":122,"column":12},"end":{"line":122,"column":48}},"46":{"start":{"line":123,"column":12},"end":{"line":123,"column":46}},"47":{"start":{"line":124,"column":12},"end":{"line":124,"column":38}},"48":{"start":{"line":126,"column":12},"end":{"line":126,"column":5001}},"49":{"start":{"line":127,"column":16},"end":{"line":127,"column":5052}},"50":{"start":{"line":128,"column":20},"end":{"line":128,"column":91}},"51":{"start":{"line":129,"column":20},"end":{"line":129,"column":5272}}},"branchMap":{"1":{"line":32,"type":"if","locations":[{"start":{"line":32,"column":8},"end":{"line":32,"column":8}},{"start":{"line":32,"column":8},"end":{"line":32,"column":8}}]},"2":{"line":37,"type":"if","locations":[{"start":{"line":37,"column":8},"end":{"line":37,"column":8}},{"start":{"line":37,"column":8},"end":{"line":37,"column":8}}]},"3":{"line":67,"type":"if","locations":[{"start":{"line":67,"column":12},"end":{"line":67,"column":12}},{"start":{"line":67,"column":12},"end":{"line":67,"column":12}}]},"4":{"line":93,"type":"if","locations":[{"start":{"line":93,"column":8},"end":{"line":93,"column":8}},{"start":{"line":93,"column":8},"end":{"line":93,"column":8}}]},"5":{"line":98,"type":"if","locations":[{"start":{"line":98,"column":8},"end":{"line":98,"column":8}},{"start":{"line":98,"column":8},"end":{"line":98,"column":8}}]},"6":{"line":126,"type":"if","locations":[{"start":{"line":126,"column":12},"end":{"line":126,"column":12}},{"start":{"line":126,"column":12},"end":{"line":126,"column":12}}]}}},"contracts\\OBEX.sol":{"l":{"54":22,"55":21,"56":21,"172":3,"176":8,"181":7,"185":8,"191":16,"192":15,"193":14,"197":11,"198":10,"199":9,"200":9,"204":23,"205":23,"206":23,"207":23,"208":23,"212":23,"218":25,"219":25,"220":25,"221":25,"222":25,"223":25,"224":25,"225":25,"227":25,"228":23,"229":19,"231":17,"232":17,"234":17,"235":5,"236":5,"239":17,"240":10,"241":9,"242":8,"244":7,"245":7,"246":7,"247":7,"249":7,"250":7,"251":7,"253":7,"254":6,"255":5,"257":4,"258":4,"259":4,"261":4,"262":4,"263":4,"266":11,"272":8,"273":8,"274":8,"275":8,"276":8,"277":8,"279":8,"280":6,"282":4,"284":4,"285":2,"287":2,"289":4,"294":1,"298":2,"299":1,"303":5,"304":4,"305":2,"306":1,"307":1,"309":1,"310":1,"311":1,"314":2,"315":1,"316":1,"318":1,"319":1,"320":1},"path":"C:\\Users\\kavan\\Documents\\GitHub\\obex\\contracts\\OBEX.sol","s":{"1":22,"2":21,"3":21,"4":3,"5":8,"6":7,"7":8,"8":16,"9":15,"10":14,"11":11,"12":10,"13":9,"14":9,"15":23,"16":23,"17":23,"18":23,"19":23,"20":23,"21":25,"22":25,"23":25,"24":25,"25":25,"26":25,"27":25,"28":25,"29":25,"30":23,"31":19,"32":17,"33":17,"34":17,"35":5,"36":5,"37":17,"38":10,"39":9,"40":8,"41":7,"42":7,"43":7,"44":7,"45":7,"46":7,"47":7,"48":7,"49":6,"50":5,"51":4,"52":4,"53":4,"54":4,"55":4,"56":4,"57":11,"58":8,"59":8,"60":8,"61":8,"62":8,"63":8,"64":8,"65":6,"66":4,"67":4,"68":2,"69":2,"70":4,"71":1,"72":2,"73":1,"74":5,"75":4,"76":2,"77":1,"78":1,"79":1,"80":1,"81":1,"82":2,"83":1,"84":1,"85":1,"86":1,"87":1},"b":{"1":[21,1],"2":[15,1],"3":[14,1],"4":[10,1],"5":[9,1],"6":[23,2],"7":[19,4],"8":[17,2],"9":[5,12],"10":[10,7],"11":[9,1],"12":[8,1],"13":[7,1],"14":[6,1],"15":[5,1],"16":[4,1],"17":[6,2],"18":[4,2],"19":[2,2],"20":[1,1],"21":[4,1],"22":[2,2],"23":[1,1],"24":[1,1]},"f":{"1":22,"2":3,"3":8,"4":7,"5":8,"6":16,"7":11,"8":23,"9":23,"10":25,"11":8,"12":1,"13":2,"14":5},"fnMap":{"1":{"name":"constructor","line":53,"loc":{"start":{"line":53,"column":4},"end":{"line":57,"column":4}}},"2":{"name":"_ordersByMaker","line":171,"loc":{"start":{"line":171,"column":4},"end":{"line":173,"column":4}}},"3":{"name":"_ordersByTokens","line":175,"loc":{"start":{"line":175,"column":4},"end":{"line":177,"column":4}}},"4":{"name":"makerOrderLength","line":180,"loc":{"start":{"line":180,"column":4},"end":{"line":182,"column":4}}},"5":{"name":"tokensOrderLength","line":184,"loc":{"start":{"line":184,"column":4},"end":{"line":186,"column":4}}},"6":{"name":"makeOrderFromETHToTokens","line":190,"loc":{"start":{"line":190,"column":4},"end":{"line":194,"column":4}}},"7":{"name":"makeOrderFromTokensToETH","line":196,"loc":{"start":{"line":196,"column":4},"end":{"line":201,"column":4}}},"8":{"name":"_makeOrder","line":203,"loc":{"start":{"line":203,"column":4},"end":{"line":209,"column":4}}},"9":{"name":"_hash","line":211,"loc":{"start":{"line":211,"column":1},"end":{"line":213,"column":1}}},"10":{"name":"takeOrder","line":217,"loc":{"start":{"line":217,"column":4},"end":{"line":267,"column":4}}},"11":{"name":"cancel","line":271,"loc":{"start":{"line":271,"column":4},"end":{"line":290,"column":4}}},"12":{"name":"setFeeAddress","line":293,"loc":{"start":{"line":293,"column":4},"end":{"line":295,"column":4}}},"13":{"name":"updateFeePercent","line":297,"loc":{"start":{"line":297,"column":4},"end":{"line":300,"column":4}}},"14":{"name":"withdrawFee","line":302,"loc":{"start":{"line":302,"column":4},"end":{"line":323,"column":4}}}},"statementMap":{"1":{"start":{"line":54,"column":8},"end":{"line":54,"column":69}},"2":{"start":{"line":55,"column":8},"end":{"line":55,"column":30}},"3":{"start":{"line":56,"column":8},"end":{"line":56,"column":31}},"4":{"start":{"line":172,"column":8},"end":{"line":172,"column":36}},"5":{"start":{"line":176,"column":8},"end":{"line":176,"column":47}},"6":{"start":{"line":181,"column":8},"end":{"line":181,"column":43}},"7":{"start":{"line":185,"column":8},"end":{"line":185,"column":70}},"8":{"start":{"line":191,"column":8},"end":{"line":191,"column":60}},"9":{"start":{"line":192,"column":8},"end":{"line":192,"column":42}},"10":{"start":{"line":193,"column":8},"end":{"line":193,"column":72}},"11":{"start":{"line":197,"column":8},"end":{"line":197,"column":60}},"12":{"start":{"line":198,"column":8},"end":{"line":198,"column":52}},"13":{"start":{"line":199,"column":8},"end":{"line":199,"column":76}},"14":{"start":{"line":200,"column":8},"end":{"line":200,"column":88}},"15":{"start":{"line":204,"column":8},"end":{"line":204,"column":74}},"16":{"start":{"line":205,"column":8},"end":{"line":205,"column":116}},"17":{"start":{"line":206,"column":8},"end":{"line":206,"column":43}},"18":{"start":{"line":207,"column":8},"end":{"line":207,"column":66}},"19":{"start":{"line":208,"column":8},"end":{"line":208,"column":102}},"20":{"start":{"line":212,"column":8},"end":{"line":212,"column":86}},"21":{"start":{"line":218,"column":8},"end":{"line":218,"column":42}},"22":{"start":{"line":219,"column":8},"end":{"line":219,"column":31}},"23":{"start":{"line":220,"column":8},"end":{"line":220,"column":41}},"24":{"start":{"line":221,"column":8},"end":{"line":221,"column":41}},"25":{"start":{"line":222,"column":8},"end":{"line":222,"column":43}},"26":{"start":{"line":223,"column":8},"end":{"line":223,"column":40}},"27":{"start":{"line":224,"column":8},"end":{"line":224,"column":35}},"28":{"start":{"line":225,"column":8},"end":{"line":225,"column":28}},"29":{"start":{"line":227,"column":8},"end":{"line":227,"column":49}},"30":{"start":{"line":228,"column":8},"end":{"line":228,"column":43}},"31":{"start":{"line":229,"column":8},"end":{"line":229,"column":75}},"32":{"start":{"line":231,"column":8},"end":{"line":231,"column":56}},"33":{"start":{"line":232,"column":8},"end":{"line":232,"column":32}},"34":{"start":{"line":234,"column":8},"end":{"line":234,"column":9919}},"35":{"start":{"line":235,"column":12},"end":{"line":235,"column":23}},"36":{"start":{"line":236,"column":12},"end":{"line":236,"column":25}},"37":{"start":{"line":239,"column":8},"end":{"line":239,"column":10027}},"38":{"start":{"line":240,"column":12},"end":{"line":240,"column":59}},"39":{"start":{"line":241,"column":12},"end":{"line":241,"column":68}},"40":{"start":{"line":242,"column":12},"end":{"line":242,"column":103}},"41":{"start":{"line":244,"column":12},"end":{"line":244,"column":74}},"42":{"start":{"line":245,"column":12},"end":{"line":245,"column":47}},"43":{"start":{"line":246,"column":12},"end":{"line":246,"column":88}},"44":{"start":{"line":247,"column":12},"end":{"line":247,"column":76}},"45":{"start":{"line":249,"column":12},"end":{"line":249,"column":71}},"46":{"start":{"line":250,"column":12},"end":{"line":250,"column":35}},"47":{"start":{"line":251,"column":12},"end":{"line":251,"column":71}},"48":{"start":{"line":253,"column":12},"end":{"line":253,"column":74}},"49":{"start":{"line":254,"column":12},"end":{"line":254,"column":53}},"50":{"start":{"line":255,"column":12},"end":{"line":255,"column":91}},"51":{"start":{"line":257,"column":12},"end":{"line":257,"column":60}},"52":{"start":{"line":258,"column":12},"end":{"line":258,"column":35}},"53":{"start":{"line":259,"column":12},"end":{"line":259,"column":55}},"54":{"start":{"line":261,"column":12},"end":{"line":261,"column":73}},"55":{"start":{"line":262,"column":12},"end":{"line":262,"column":47}},"56":{"start":{"line":263,"column":12},"end":{"line":263,"column":80}},"57":{"start":{"line":266,"column":8},"end":{"line":266,"column":105}},"58":{"start":{"line":272,"column":8},"end":{"line":272,"column":42}},"59":{"start":{"line":273,"column":8},"end":{"line":273,"column":31}},"60":{"start":{"line":274,"column":8},"end":{"line":274,"column":41}},"61":{"start":{"line":275,"column":8},"end":{"line":275,"column":43}},"62":{"start":{"line":276,"column":8},"end":{"line":276,"column":35}},"63":{"start":{"line":277,"column":8},"end":{"line":277,"column":28}},"64":{"start":{"line":279,"column":8},"end":{"line":279,"column":52}},"65":{"start":{"line":280,"column":8},"end":{"line":280,"column":34}},"66":{"start":{"line":282,"column":8},"end":{"line":282,"column":21}},"67":{"start":{"line":284,"column":8},"end":{"line":284,"column":11993}},"68":{"start":{"line":285,"column":12},"end":{"line":285,"column":55}},"69":{"start":{"line":287,"column":12},"end":{"line":287,"column":62}},"70":{"start":{"line":289,"column":8},"end":{"line":289,"column":29}},"71":{"start":{"line":294,"column":8},"end":{"line":294,"column":31}},"72":{"start":{"line":298,"column":8},"end":{"line":298,"column":66}},"73":{"start":{"line":299,"column":8},"end":{"line":299,"column":28}},"74":{"start":{"line":303,"column":8},"end":{"line":303,"column":57}},"75":{"start":{"line":304,"column":8},"end":{"line":304,"column":12664}},"76":{"start":{"line":305,"column":12},"end":{"line":305,"column":12709}},"77":{"start":{"line":306,"column":16},"end":{"line":306,"column":38}},"78":{"start":{"line":307,"column":16},"end":{"line":307,"column":51}},"79":{"start":{"line":309,"column":16},"end":{"line":309,"column":43}},"80":{"start":{"line":310,"column":16},"end":{"line":310,"column":32}},"81":{"start":{"line":311,"column":16},"end":{"line":311,"column":48}},"82":{"start":{"line":314,"column":12},"end":{"line":314,"column":13039}},"83":{"start":{"line":315,"column":16},"end":{"line":315,"column":48}},"84":{"start":{"line":316,"column":16},"end":{"line":316,"column":58}},"85":{"start":{"line":318,"column":16},"end":{"line":318,"column":53}},"86":{"start":{"line":319,"column":16},"end":{"line":319,"column":42}},"87":{"start":{"line":320,"column":16},"end":{"line":320,"column":55}}},"branchMap":{"1":{"line":54,"type":"if","locations":[{"start":{"line":54,"column":8},"end":{"line":54,"column":8}},{"start":{"line":54,"column":8},"end":{"line":54,"column":8}}]},"2":{"line":191,"type":"if","locations":[{"start":{"line":191,"column":8},"end":{"line":191,"column":8}},{"start":{"line":191,"column":8},"end":{"line":191,"column":8}}]},"3":{"line":192,"type":"if","locations":[{"start":{"line":192,"column":8},"end":{"line":192,"column":8}},{"start":{"line":192,"column":8},"end":{"line":192,"column":8}}]},"4":{"line":197,"type":"if","locations":[{"start":{"line":197,"column":8},"end":{"line":197,"column":8}},{"start":{"line":197,"column":8},"end":{"line":197,"column":8}}]},"5":{"line":198,"type":"if","locations":[{"start":{"line":198,"column":8},"end":{"line":198,"column":8}},{"start":{"line":198,"column":8},"end":{"line":198,"column":8}}]},"6":{"line":227,"type":"if","locations":[{"start":{"line":227,"column":8},"end":{"line":227,"column":8}},{"start":{"line":227,"column":8},"end":{"line":227,"column":8}}]},"7":{"line":228,"type":"if","locations":[{"start":{"line":228,"column":8},"end":{"line":228,"column":8}},{"start":{"line":228,"column":8},"end":{"line":228,"column":8}}]},"8":{"line":229,"type":"if","locations":[{"start":{"line":229,"column":8},"end":{"line":229,"column":8}},{"start":{"line":229,"column":8},"end":{"line":229,"column":8}}]},"9":{"line":234,"type":"if","locations":[{"start":{"line":234,"column":8},"end":{"line":234,"column":8}},{"start":{"line":234,"column":8},"end":{"line":234,"column":8}}]},"10":{"line":239,"type":"if","locations":[{"start":{"line":239,"column":8},"end":{"line":239,"column":8}},{"start":{"line":239,"column":8},"end":{"line":239,"column":8}}]},"11":{"line":240,"type":"if","locations":[{"start":{"line":240,"column":12},"end":{"line":240,"column":12}},{"start":{"line":240,"column":12},"end":{"line":240,"column":12}}]},"12":{"line":241,"type":"if","locations":[{"start":{"line":241,"column":12},"end":{"line":241,"column":12}},{"start":{"line":241,"column":12},"end":{"line":241,"column":12}}]},"13":{"line":242,"type":"if","locations":[{"start":{"line":242,"column":12},"end":{"line":242,"column":12}},{"start":{"line":242,"column":12},"end":{"line":242,"column":12}}]},"14":{"line":253,"type":"if","locations":[{"start":{"line":253,"column":12},"end":{"line":253,"column":12}},{"start":{"line":253,"column":12},"end":{"line":253,"column":12}}]},"15":{"line":254,"type":"if","locations":[{"start":{"line":254,"column":12},"end":{"line":254,"column":12}},{"start":{"line":254,"column":12},"end":{"line":254,"column":12}}]},"16":{"line":255,"type":"if","locations":[{"start":{"line":255,"column":12},"end":{"line":255,"column":12}},{"start":{"line":255,"column":12},"end":{"line":255,"column":12}}]},"17":{"line":279,"type":"if","locations":[{"start":{"line":279,"column":8},"end":{"line":279,"column":8}},{"start":{"line":279,"column":8},"end":{"line":279,"column":8}}]},"18":{"line":280,"type":"if","locations":[{"start":{"line":280,"column":8},"end":{"line":280,"column":8}},{"start":{"line":280,"column":8},"end":{"line":280,"column":8}}]},"19":{"line":284,"type":"if","locations":[{"start":{"line":284,"column":8},"end":{"line":284,"column":8}},{"start":{"line":284,"column":8},"end":{"line":284,"column":8}}]},"20":{"line":298,"type":"if","locations":[{"start":{"line":298,"column":8},"end":{"line":298,"column":8}},{"start":{"line":298,"column":8},"end":{"line":298,"column":8}}]},"21":{"line":303,"type":"if","locations":[{"start":{"line":303,"column":8},"end":{"line":303,"column":8}},{"start":{"line":303,"column":8},"end":{"line":303,"column":8}}]},"22":{"line":304,"type":"if","locations":[{"start":{"line":304,"column":8},"end":{"line":304,"column":8}},{"start":{"line":304,"column":8},"end":{"line":304,"column":8}}]},"23":{"line":305,"type":"if","locations":[{"start":{"line":305,"column":12},"end":{"line":305,"column":12}},{"start":{"line":305,"column":12},"end":{"line":305,"column":12}}]},"24":{"line":314,"type":"if","locations":[{"start":{"line":314,"column":12},"end":{"line":314,"column":12}},{"start":{"line":314,"column":12},"end":{"line":314,"column":12}}]}}},"contracts\\test\\Token.sol":{"l":{"8":24},"path":"C:\\Users\\kavan\\Documents\\GitHub\\obex\\contracts\\test\\Token.sol","s":{"1":24},"b":{},"f":{"1":24},"fnMap":{"1":{"name":"mint","line":7,"loc":{"start":{"line":7,"column":4},"end":{"line":9,"column":4}}}},"statementMap":{"1":{"start":{"line":8,"column":8},"end":{"line":8,"column":26}}},"branchMap":{}}}