TN:
SF:/Users/thegreathb/workspace/obex/contracts/FindOrderbook.sol
FN:19,constructor
FN:23,myOrder
FN:85,orderBook
FNF:3
FNH:3
FNDA:3,constructor
FNDA:4,myOrder
FNDA:5,orderBook
DA:20,3
DA:32,4
DA:33,3
DA:34,3
DA:35,3
DA:37,3
DA:38,1
DA:39,1
DA:40,1
DA:41,1
DA:42,1
DA:43,1
DA:44,1
DA:46,1
DA:47,2
DA:48,2
DA:59,2
DA:60,2
DA:61,2
DA:62,2
DA:63,2
DA:64,2
DA:65,2
DA:67,2
DA:68,1
DA:69,1
DA:70,1
DA:93,5
DA:94,4
DA:95,4
DA:96,4
DA:98,4
DA:99,1
DA:100,1
DA:101,1
DA:102,1
DA:103,1
DA:104,1
DA:106,1
DA:107,3
DA:108,3
DA:119,3
DA:120,3
DA:121,3
DA:122,3
DA:123,3
DA:124,3
DA:126,3
DA:127,2
DA:128,5
DA:129,5
LF:51
LH:51
BRDA:32,1,0,3
BRDA:32,1,1,1
BRDA:37,2,0,1
BRDA:37,2,1,2
BRDA:67,3,0,1
BRDA:67,3,1,1
BRDA:93,4,0,4
BRDA:93,4,1,1
BRDA:98,5,0,1
BRDA:98,5,1,3
BRDA:126,6,0,2
BRDA:126,6,1,1
BRF:12
BRH:12
end_of_record
TN:
SF:/Users/thegreathb/workspace/obex/contracts/OBEX.sol
FN:53,constructor
FN:60,_ordersByMaker
FN:64,_ordersByTokens
FN:68,makerOrderLength
FN:72,tokensOrderLength
FN:78,makeOrderFromETHToTokens
FN:84,makeOrderFromTokensToETH
FN:91,_makeOrder
FN:99,_hash
FN:105,takeOrder
FN:159,cancel
FN:181,setFeeAddress
FN:185,updateFeePercent
FN:190,withdrawFee
FNF:14
FNH:14
FNDA:22,constructor
FNDA:3,_ordersByMaker
FNDA:8,_ordersByTokens
FNDA:7,makerOrderLength
FNDA:8,tokensOrderLength
FNDA:16,makeOrderFromETHToTokens
FNDA:11,makeOrderFromTokensToETH
FNDA:23,_makeOrder
FNDA:23,_hash
FNDA:25,takeOrder
FNDA:8,cancel
FNDA:1,setFeeAddress
FNDA:2,updateFeePercent
FNDA:5,withdrawFee
DA:54,22
DA:55,21
DA:56,21
DA:61,3
DA:65,8
DA:69,7
DA:73,8
DA:79,16
DA:80,15
DA:81,14
DA:85,11
DA:86,10
DA:87,9
DA:88,9
DA:92,23
DA:93,23
DA:94,23
DA:95,23
DA:96,23
DA:100,23
DA:106,25
DA:107,25
DA:108,25
DA:109,25
DA:110,25
DA:111,25
DA:112,25
DA:113,25
DA:115,25
DA:116,23
DA:117,19
DA:119,17
DA:120,17
DA:122,17
DA:123,5
DA:124,5
DA:127,17
DA:128,10
DA:129,9
DA:130,8
DA:132,7
DA:133,7
DA:134,7
DA:135,7
DA:137,7
DA:138,7
DA:139,7
DA:141,7
DA:142,6
DA:143,5
DA:145,4
DA:146,4
DA:147,4
DA:149,4
DA:150,4
DA:151,4
DA:154,11
DA:160,8
DA:161,8
DA:162,8
DA:163,8
DA:164,8
DA:165,8
DA:167,8
DA:168,6
DA:170,4
DA:172,4
DA:173,2
DA:175,2
DA:177,4
DA:182,1
DA:186,2
DA:187,1
DA:191,5
DA:192,4
DA:193,2
DA:194,1
DA:195,1
DA:197,1
DA:198,1
DA:199,1
DA:202,2
DA:203,1
DA:204,1
DA:206,1
DA:207,1
DA:208,1
LF:87
LH:87
BRDA:54,1,0,21
BRDA:54,1,1,1
BRDA:79,2,0,15
BRDA:79,2,1,1
BRDA:80,3,0,14
BRDA:80,3,1,1
BRDA:85,4,0,10
BRDA:85,4,1,1
BRDA:86,5,0,9
BRDA:86,5,1,1
BRDA:115,6,0,23
BRDA:115,6,1,2
BRDA:116,7,0,19
BRDA:116,7,1,4
BRDA:117,8,0,17
BRDA:117,8,1,2
BRDA:122,9,0,5
BRDA:122,9,1,12
BRDA:127,10,0,10
BRDA:127,10,1,7
BRDA:128,11,0,9
BRDA:128,11,1,1
BRDA:129,12,0,8
BRDA:129,12,1,1
BRDA:130,13,0,7
BRDA:130,13,1,1
BRDA:141,14,0,6
BRDA:141,14,1,1
BRDA:142,15,0,5
BRDA:142,15,1,1
BRDA:143,16,0,4
BRDA:143,16,1,1
BRDA:167,17,0,6
BRDA:167,17,1,2
BRDA:168,18,0,4
BRDA:168,18,1,2
BRDA:172,19,0,2
BRDA:172,19,1,2
BRDA:186,20,0,1
BRDA:186,20,1,1
BRDA:191,21,0,4
BRDA:191,21,1,1
BRDA:192,22,0,2
BRDA:192,22,1,2
BRDA:193,23,0,1
BRDA:193,23,1,1
BRDA:202,24,0,1
BRDA:202,24,1,1
BRF:48
BRH:48
end_of_record
TN:
SF:/Users/thegreathb/workspace/obex/contracts/test/Token.sol
FN:7,mint
FNF:1
FNH:1
FNDA:24,mint
DA:8,24
LF:1
LH:1
BRF:0
BRH:0
end_of_record
