TN:
SF:C:\Users\kavan\Documents\GitHub\obex\contracts\FindOrderbook.sol
FN:19,constructor
FN:23,myOrder
FN:85,orderBook
FNF:3
FNH:3
FNDA:3,constructor
FNDA:4,myOrder
FNDA:5,orderBook
DA:20,3
DA:32,4
DA:33,3
DA:34,3
DA:35,3
DA:37,3
DA:38,1
DA:39,1
DA:40,1
DA:41,1
DA:42,1
DA:43,1
DA:44,1
DA:46,1
DA:47,2
DA:48,2
DA:59,2
DA:60,2
DA:61,2
DA:62,2
DA:63,2
DA:64,2
DA:65,2
DA:67,2
DA:68,1
DA:69,1
DA:70,1
DA:93,5
DA:94,4
DA:95,4
DA:96,4
DA:98,4
DA:99,1
DA:100,1
DA:101,1
DA:102,1
DA:103,1
DA:104,1
DA:106,1
DA:107,3
DA:108,3
DA:119,3
DA:120,3
DA:121,3
DA:122,3
DA:123,3
DA:124,3
DA:126,3
DA:127,2
DA:128,5
DA:129,5
LF:51
LH:51
BRDA:32,1,0,3
BRDA:32,1,1,1
BRDA:37,2,0,1
BRDA:37,2,1,2
BRDA:67,3,0,1
BRDA:67,3,1,1
BRDA:93,4,0,4
BRDA:93,4,1,1
BRDA:98,5,0,1
BRDA:98,5,1,3
BRDA:126,6,0,2
BRDA:126,6,1,1
BRF:12
BRH:12
end_of_record
TN:
SF:C:\Users\kavan\Documents\GitHub\obex\contracts\OBEX.sol
FN:53,constructor
FN:171,_ordersByMaker
FN:175,_ordersByTokens
FN:180,makerOrderLength
FN:184,tokensOrderLength
FN:190,makeOrderFromETHToTokens
FN:196,makeOrderFromTokensToETH
FN:203,_makeOrder
FN:211,_hash
FN:217,takeOrder
FN:271,cancel
FN:293,setFeeAddress
FN:297,updateFeePercent
FN:302,withdrawFee
FNF:14
FNH:14
FNDA:22,constructor
FNDA:3,_ordersByMaker
FNDA:8,_ordersByTokens
FNDA:7,makerOrderLength
FNDA:8,tokensOrderLength
FNDA:16,makeOrderFromETHToTokens
FNDA:11,makeOrderFromTokensToETH
FNDA:23,_makeOrder
FNDA:23,_hash
FNDA:25,takeOrder
FNDA:8,cancel
FNDA:1,setFeeAddress
FNDA:2,updateFeePercent
FNDA:5,withdrawFee
DA:54,22
DA:55,21
DA:56,21
DA:172,3
DA:176,8
DA:181,7
DA:185,8
DA:191,16
DA:192,15
DA:193,14
DA:197,11
DA:198,10
DA:199,9
DA:200,9
DA:204,23
DA:205,23
DA:206,23
DA:207,23
DA:208,23
DA:212,23
DA:218,25
DA:219,25
DA:220,25
DA:221,25
DA:222,25
DA:223,25
DA:224,25
DA:225,25
DA:227,25
DA:228,23
DA:229,19
DA:231,17
DA:232,17
DA:234,17
DA:235,5
DA:236,5
DA:239,17
DA:240,10
DA:241,9
DA:242,8
DA:244,7
DA:245,7
DA:246,7
DA:247,7
DA:249,7
DA:250,7
DA:251,7
DA:253,7
DA:254,6
DA:255,5
DA:257,4
DA:258,4
DA:259,4
DA:261,4
DA:262,4
DA:263,4
DA:266,11
DA:272,8
DA:273,8
DA:274,8
DA:275,8
DA:276,8
DA:277,8
DA:279,8
DA:280,6
DA:282,4
DA:284,4
DA:285,2
DA:287,2
DA:289,4
DA:294,1
DA:298,2
DA:299,1
DA:303,5
DA:304,4
DA:305,2
DA:306,1
DA:307,1
DA:309,1
DA:310,1
DA:311,1
DA:314,2
DA:315,1
DA:316,1
DA:318,1
DA:319,1
DA:320,1
LF:87
LH:87
BRDA:54,1,0,21
BRDA:54,1,1,1
BRDA:191,2,0,15
BRDA:191,2,1,1
BRDA:192,3,0,14
BRDA:192,3,1,1
BRDA:197,4,0,10
BRDA:197,4,1,1
BRDA:198,5,0,9
BRDA:198,5,1,1
BRDA:227,6,0,23
BRDA:227,6,1,2
BRDA:228,7,0,19
BRDA:228,7,1,4
BRDA:229,8,0,17
BRDA:229,8,1,2
BRDA:234,9,0,5
BRDA:234,9,1,12
BRDA:239,10,0,10
BRDA:239,10,1,7
BRDA:240,11,0,9
BRDA:240,11,1,1
BRDA:241,12,0,8
BRDA:241,12,1,1
BRDA:242,13,0,7
BRDA:242,13,1,1
BRDA:253,14,0,6
BRDA:253,14,1,1
BRDA:254,15,0,5
BRDA:254,15,1,1
BRDA:255,16,0,4
BRDA:255,16,1,1
BRDA:279,17,0,6
BRDA:279,17,1,2
BRDA:280,18,0,4
BRDA:280,18,1,2
BRDA:284,19,0,2
BRDA:284,19,1,2
BRDA:298,20,0,1
BRDA:298,20,1,1
BRDA:303,21,0,4
BRDA:303,21,1,1
BRDA:304,22,0,2
BRDA:304,22,1,2
BRDA:305,23,0,1
BRDA:305,23,1,1
BRDA:314,24,0,1
BRDA:314,24,1,1
BRF:48
BRH:48
end_of_record
TN:
SF:C:\Users\kavan\Documents\GitHub\obex\contracts\test\Token.sol
FN:7,mint
FNF:1
FNH:1
FNDA:24,mint
DA:8,24
LF:1
LH:1
BRF:0
BRH:0
end_of_record
